2024-09-20 19:20:35,819 - Traversing - ERROR - Failed to run Frida script for app com.billiards.shooting.ball.pool
2024-09-20 19:20:35,819 - Traversing - ERROR - Failed to run Frida script for app com.billiards.shooting.ball.pool
2024-09-20 19:21:00,002 - Traversing - ERROR - Failed to run Frida script for app com.bigwinepot.nwdn.international
2024-09-20 19:21:00,002 - Traversing - ERROR - Failed to run Frida script for app com.bigwinepot.nwdn.international
2024-09-20 19:21:21,875 - Traversing - ERROR - Failed to run Frida script for app com.alibaba.aliexpresshd
2024-09-20 19:21:21,875 - Traversing - ERROR - Failed to run Frida script for app com.alibaba.aliexpresshd
2024-09-20 19:21:37,106 - Traversing - ERROR - Failed to run Frida script for app com.app.rescuecut
2024-09-20 19:21:37,106 - Traversing - ERROR - Failed to run Frida script for app com.app.rescuecut
2024-09-20 19:21:44,156 - Traversing - ERROR - Failed to run Frida script for app com.Bingo.Fighter
2024-09-20 19:21:44,156 - Traversing - ERROR - Failed to run Frida script for app com.Bingo.Fighter
2024-09-20 19:21:55,531 - Traversing - ERROR - Failed to run Frida script for app com.billiards.city.pool.nation.club
2024-09-20 19:21:55,531 - Traversing - ERROR - Failed to run Frida script for app com.billiards.city.pool.nation.club
2024-09-20 19:22:09,967 - Traversing - ERROR - Failed to run Frida script for app com.amelosinteractive.snake
2024-09-20 19:22:09,967 - Traversing - ERROR - Failed to run Frida script for app com.amelosinteractive.snake
2024-09-20 19:22:17,514 - Traversing - ERROR - Failed to run Frida script for app com.asus.ia.asusapp
2024-09-20 19:22:17,514 - Traversing - ERROR - Failed to run Frida script for app com.asus.ia.asusapp
2024-09-20 19:22:39,777 - Traversing - ERROR - Failed to run Frida script for app cn.wps.moffice_eng
2024-09-20 19:22:39,777 - Traversing - ERROR - Failed to run Frida script for app cn.wps.moffice_eng
2024-09-20 19:22:54,054 - Traversing - ERROR - Failed to run Frida script for app com.audible.application
2024-09-20 19:22:54,054 - Traversing - ERROR - Failed to run Frida script for app com.audible.application
2024-10-17 19:16:53,323 - Traversing - ERROR - No application found with attempts less than max_retries and status not True.
2024-10-17 19:16:53,323 - Traversing - ERROR - No application found with attempts less than max_retries and status not True.
2024-10-17 19:16:53,323 - Traversing - ERROR - No application found with attempts less than max_retries and status not True.
2024-10-17 19:16:53,323 - Traversing - ERROR - No application found with attempts less than max_retries and status not True.
2024-10-17 19:16:53,536 - Traversing - ERROR - No application found with attempts less than max_retries and status not True.
2024-10-17 19:16:53,536 - Traversing - ERROR - No application found with attempts less than max_retries and status not True.
2024-10-17 19:16:53,536 - Traversing - ERROR - No application found with attempts less than max_retries and status not True.
2024-10-17 19:16:53,536 - Traversing - ERROR - No application found with attempts less than max_retries and status not True.
2024-10-17 19:16:54,646 - Traversing - ERROR - No application found with attempts less than max_retries and status not True.
2024-10-17 19:16:54,646 - Traversing - ERROR - No application found with attempts less than max_retries and status not True.
2024-10-17 19:16:54,646 - Traversing - ERROR - No application found with attempts less than max_retries and status not True.
2024-10-17 19:16:54,646 - Traversing - ERROR - No application found with attempts less than max_retries and status not True.
2024-10-17 19:16:54,837 - Traversing - ERROR - No application found with attempts less than max_retries and status not True.
2024-10-17 19:16:54,837 - Traversing - ERROR - No application found with attempts less than max_retries and status not True.
2024-10-17 19:16:54,837 - Traversing - ERROR - No application found with attempts less than max_retries and status not True.
2024-10-17 19:16:54,837 - Traversing - ERROR - No application found with attempts less than max_retries and status not True.
2024-10-17 19:16:55,036 - Traversing - ERROR - No application found with attempts less than max_retries and status not True.
2024-10-17 19:16:55,036 - Traversing - ERROR - No application found with attempts less than max_retries and status not True.
2024-10-17 19:16:55,036 - Traversing - ERROR - No application found with attempts less than max_retries and status not True.
2024-10-17 19:16:55,036 - Traversing - ERROR - No application found with attempts less than max_retries and status not True.
2024-10-17 19:34:19,217 - Traversing - ERROR - No application found with attempts less than max_retries and status not True.
2024-10-17 19:34:19,217 - Traversing - ERROR - No application found with attempts less than max_retries and status not True.
2024-10-17 19:34:19,217 - Traversing - ERROR - No application found with attempts less than max_retries and status not True.
2024-10-17 19:34:19,217 - Traversing - ERROR - No application found with attempts less than max_retries and status not True.
2024-10-17 19:34:19,400 - Traversing - ERROR - No application found with attempts less than max_retries and status not True.
2024-10-17 19:34:19,400 - Traversing - ERROR - No application found with attempts less than max_retries and status not True.
2024-10-17 19:34:19,400 - Traversing - ERROR - No application found with attempts less than max_retries and status not True.
2024-10-17 19:34:19,400 - Traversing - ERROR - No application found with attempts less than max_retries and status not True.
2024-10-17 19:34:19,899 - Traversing - ERROR - No application found with attempts less than max_retries and status not True.
2024-10-17 19:34:19,899 - Traversing - ERROR - No application found with attempts less than max_retries and status not True.
2024-10-17 19:34:19,899 - Traversing - ERROR - No application found with attempts less than max_retries and status not True.
2024-10-17 19:34:19,899 - Traversing - ERROR - No application found with attempts less than max_retries and status not True.
2024-10-17 19:34:19,929 - Traversing - ERROR - No application found with attempts less than max_retries and status not True.
2024-10-17 19:34:19,929 - Traversing - ERROR - No application found with attempts less than max_retries and status not True.
2024-10-17 19:34:19,929 - Traversing - ERROR - No application found with attempts less than max_retries and status not True.
2024-10-17 19:34:19,929 - Traversing - ERROR - No application found with attempts less than max_retries and status not True.
2024-10-17 19:34:19,959 - Traversing - ERROR - No application found with attempts less than max_retries and status not True.
2024-10-17 19:34:19,959 - Traversing - ERROR - No application found with attempts less than max_retries and status not True.
2024-10-17 19:34:19,959 - Traversing - ERROR - No application found with attempts less than max_retries and status not True.
2024-10-17 19:34:19,959 - Traversing - ERROR - No application found with attempts less than max_retries and status not True.
2024-10-17 19:34:19,989 - Traversing - ERROR - No application found with attempts less than max_retries and status not True.
2024-10-17 19:34:19,989 - Traversing - ERROR - No application found with attempts less than max_retries and status not True.
2024-10-17 19:34:19,989 - Traversing - ERROR - No application found with attempts less than max_retries and status not True.
2024-10-17 19:34:19,989 - Traversing - ERROR - No application found with attempts less than max_retries and status not True.
2024-10-17 19:34:20,020 - Traversing - ERROR - No application found with attempts less than max_retries and status not True.
2024-10-17 19:34:20,020 - Traversing - ERROR - No application found with attempts less than max_retries and status not True.
2024-10-17 19:34:20,020 - Traversing - ERROR - No application found with attempts less than max_retries and status not True.
2024-10-17 19:34:20,020 - Traversing - ERROR - No application found with attempts less than max_retries and status not True.
2024-10-17 19:34:20,051 - Traversing - ERROR - No application found with attempts less than max_retries and status not True.
2024-10-17 19:34:20,051 - Traversing - ERROR - No application found with attempts less than max_retries and status not True.
2024-10-17 19:34:20,051 - Traversing - ERROR - No application found with attempts less than max_retries and status not True.
2024-10-17 19:34:20,051 - Traversing - ERROR - No application found with attempts less than max_retries and status not True.
2024-10-17 19:34:20,081 - Traversing - ERROR - No application found with attempts less than max_retries and status not True.
2024-10-17 19:34:20,081 - Traversing - ERROR - No application found with attempts less than max_retries and status not True.
2024-10-17 19:34:20,081 - Traversing - ERROR - No application found with attempts less than max_retries and status not True.
2024-10-17 19:34:20,081 - Traversing - ERROR - No application found with attempts less than max_retries and status not True.
2024-10-17 19:34:20,111 - Traversing - ERROR - No application found with attempts less than max_retries and status not True.
2024-10-17 19:34:20,111 - Traversing - ERROR - No application found with attempts less than max_retries and status not True.
2024-10-17 19:34:20,111 - Traversing - ERROR - No application found with attempts less than max_retries and status not True.
2024-10-17 19:34:20,111 - Traversing - ERROR - No application found with attempts less than max_retries and status not True.
2024-10-17 19:34:20,141 - Traversing - ERROR - No application found with attempts less than max_retries and status not True.
2024-10-17 19:34:20,141 - Traversing - ERROR - No application found with attempts less than max_retries and status not True.
2024-10-17 19:34:20,141 - Traversing - ERROR - No application found with attempts less than max_retries and status not True.
2024-10-17 19:34:20,141 - Traversing - ERROR - No application found with attempts less than max_retries and status not True.
2024-10-17 19:34:20,172 - Traversing - ERROR - No application found with attempts less than max_retries and status not True.
2024-10-17 19:34:20,172 - Traversing - ERROR - No application found with attempts less than max_retries and status not True.
2024-10-17 19:34:20,172 - Traversing - ERROR - No application found with attempts less than max_retries and status not True.
2024-10-17 19:34:20,172 - Traversing - ERROR - No application found with attempts less than max_retries and status not True.
2024-10-17 19:34:20,203 - Traversing - ERROR - No application found with attempts less than max_retries and status not True.
2024-10-17 19:34:20,203 - Traversing - ERROR - No application found with attempts less than max_retries and status not True.
2024-10-17 19:34:20,203 - Traversing - ERROR - No application found with attempts less than max_retries and status not True.
2024-10-17 19:34:20,203 - Traversing - ERROR - No application found with attempts less than max_retries and status not True.
2024-10-17 19:34:20,233 - Traversing - ERROR - No application found with attempts less than max_retries and status not True.
2024-10-17 19:34:20,233 - Traversing - ERROR - No application found with attempts less than max_retries and status not True.
2024-10-17 19:34:20,233 - Traversing - ERROR - No application found with attempts less than max_retries and status not True.
2024-10-17 19:34:20,233 - Traversing - ERROR - No application found with attempts less than max_retries and status not True.
2024-10-17 19:34:20,264 - Traversing - ERROR - No application found with attempts less than max_retries and status not True.
2024-10-17 19:34:20,264 - Traversing - ERROR - No application found with attempts less than max_retries and status not True.
2024-10-17 19:34:20,264 - Traversing - ERROR - No application found with attempts less than max_retries and status not True.
2024-10-17 19:34:20,264 - Traversing - ERROR - No application found with attempts less than max_retries and status not True.
2024-10-17 19:34:20,294 - Traversing - ERROR - No application found with attempts less than max_retries and status not True.
2024-10-17 19:34:20,294 - Traversing - ERROR - No application found with attempts less than max_retries and status not True.
2024-10-17 19:34:20,294 - Traversing - ERROR - No application found with attempts less than max_retries and status not True.
2024-10-17 19:34:20,294 - Traversing - ERROR - No application found with attempts less than max_retries and status not True.
2024-10-17 19:34:20,324 - Traversing - ERROR - No application found with attempts less than max_retries and status not True.
2024-10-17 19:34:20,324 - Traversing - ERROR - No application found with attempts less than max_retries and status not True.
2024-10-17 19:34:20,324 - Traversing - ERROR - No application found with attempts less than max_retries and status not True.
2024-10-17 19:34:20,324 - Traversing - ERROR - No application found with attempts less than max_retries and status not True.
2024-10-17 19:34:20,590 - Traversing - ERROR - No application found with attempts less than max_retries and status not True.
2024-10-17 19:34:20,590 - Traversing - ERROR - No application found with attempts less than max_retries and status not True.
2024-10-17 19:34:20,590 - Traversing - ERROR - No application found with attempts less than max_retries and status not True.
2024-10-17 19:34:20,590 - Traversing - ERROR - No application found with attempts less than max_retries and status not True.
2024-10-17 19:34:20,823 - Traversing - ERROR - No application found with attempts less than max_retries and status not True.
2024-10-17 19:34:20,823 - Traversing - ERROR - No application found with attempts less than max_retries and status not True.
2024-10-17 19:34:20,823 - Traversing - ERROR - No application found with attempts less than max_retries and status not True.
2024-10-17 19:34:20,823 - Traversing - ERROR - No application found with attempts less than max_retries and status not True.
2024-10-17 19:34:21,010 - Traversing - ERROR - No application found with attempts less than max_retries and status not True.
2024-10-17 19:34:21,010 - Traversing - ERROR - No application found with attempts less than max_retries and status not True.
2024-10-17 19:34:21,011 - Traversing - ERROR - No application found with attempts less than max_retries and status not True.
2024-10-17 19:34:21,011 - Traversing - ERROR - No application found with attempts less than max_retries and status not True.
2024-10-17 19:34:21,199 - Traversing - ERROR - No application found with attempts less than max_retries and status not True.
2024-10-17 19:34:21,199 - Traversing - ERROR - No application found with attempts less than max_retries and status not True.
2024-10-17 19:34:21,199 - Traversing - ERROR - No application found with attempts less than max_retries and status not True.
2024-10-17 19:34:21,199 - Traversing - ERROR - No application found with attempts less than max_retries and status not True.
2025-06-13 13:19:31,434 - Traversing - ERROR - No application found with attempts less than max_retries and status not True.
2025-06-13 13:19:31,434 - Traversing - ERROR - No application found with attempts less than max_retries and status not True.
2025-06-13 13:19:31,436 - Traversing - ERROR - No application found with attempts less than max_retries and status not True.
2025-06-13 13:19:31,436 - Traversing - ERROR - No application found with attempts less than max_retries and status not True.
2025-06-13 13:19:31,603 - Traversing - ERROR - No application found with attempts less than max_retries and status not True.
2025-06-13 13:19:31,603 - Traversing - ERROR - No application found with attempts less than max_retries and status not True.
2025-06-13 13:19:31,603 - Traversing - ERROR - No application found with attempts less than max_retries and status not True.
2025-06-13 13:19:31,603 - Traversing - ERROR - No application found with attempts less than max_retries and status not True.
2025-06-13 13:19:32,103 - Traversing - ERROR - No application found with attempts less than max_retries and status not True.
2025-06-13 13:19:32,103 - Traversing - ERROR - No application found with attempts less than max_retries and status not True.
2025-06-13 13:19:32,103 - Traversing - ERROR - No application found with attempts less than max_retries and status not True.
2025-06-13 13:19:32,103 - Traversing - ERROR - No application found with attempts less than max_retries and status not True.
2025-06-13 13:19:32,134 - Traversing - ERROR - No application found with attempts less than max_retries and status not True.
2025-06-13 13:19:32,134 - Traversing - ERROR - No application found with attempts less than max_retries and status not True.
2025-06-13 13:19:32,134 - Traversing - ERROR - No application found with attempts less than max_retries and status not True.
2025-06-13 13:19:32,134 - Traversing - ERROR - No application found with attempts less than max_retries and status not True.
2025-06-13 13:19:32,165 - Traversing - ERROR - No application found with attempts less than max_retries and status not True.
2025-06-13 13:19:32,165 - Traversing - ERROR - No application found with attempts less than max_retries and status not True.
2025-06-13 13:19:32,165 - Traversing - ERROR - No application found with attempts less than max_retries and status not True.
2025-06-13 13:19:32,165 - Traversing - ERROR - No application found with attempts less than max_retries and status not True.
2025-06-13 13:19:32,195 - Traversing - ERROR - No application found with attempts less than max_retries and status not True.
2025-06-13 13:19:32,195 - Traversing - ERROR - No application found with attempts less than max_retries and status not True.
2025-06-13 13:19:32,195 - Traversing - ERROR - No application found with attempts less than max_retries and status not True.
2025-06-13 13:19:32,195 - Traversing - ERROR - No application found with attempts less than max_retries and status not True.
2025-06-13 16:22:50,308 - Traversing - ERROR - No application found with attempts less than max_retries and status not True.
2025-06-13 16:22:50,308 - Traversing - ERROR - No application found with attempts less than max_retries and status not True.
2025-06-13 16:22:50,656 - Traversing - ERROR - No application found with attempts less than max_retries and status not True.
2025-06-13 16:22:50,656 - Traversing - ERROR - No application found with attempts less than max_retries and status not True.
2025-06-13 16:22:50,858 - Traversing - ERROR - No application found with attempts less than max_retries and status not True.
2025-06-13 16:22:50,858 - Traversing - ERROR - No application found with attempts less than max_retries and status not True.
2025-06-13 16:22:51,025 - Traversing - ERROR - No application found with attempts less than max_retries and status not True.
2025-06-13 16:22:51,025 - Traversing - ERROR - No application found with attempts less than max_retries and status not True.
2025-06-13 16:28:03,740 - Traversing - ERROR - No application found with attempts less than max_retries and status not True.
2025-06-13 16:28:03,740 - Traversing - ERROR - No application found with attempts less than max_retries and status not True.
2025-06-13 16:28:03,740 - Traversing - ERROR - No application found with attempts less than max_retries and status not True.
2025-06-13 16:28:03,740 - Traversing - ERROR - No application found with attempts less than max_retries and status not True.
2025-06-13 16:28:03,927 - Traversing - ERROR - No application found with attempts less than max_retries and status not True.
2025-06-13 16:28:03,927 - Traversing - ERROR - No application found with attempts less than max_retries and status not True.
2025-06-13 16:28:03,927 - Traversing - ERROR - No application found with attempts less than max_retries and status not True.
2025-06-13 16:28:03,927 - Traversing - ERROR - No application found with attempts less than max_retries and status not True.
2025-06-13 16:28:04,133 - Traversing - ERROR - No application found with attempts less than max_retries and status not True.
2025-06-13 16:28:04,133 - Traversing - ERROR - No application found with attempts less than max_retries and status not True.
2025-06-13 16:28:04,133 - Traversing - ERROR - No application found with attempts less than max_retries and status not True.
2025-06-13 16:28:04,133 - Traversing - ERROR - No application found with attempts less than max_retries and status not True.
2025-06-13 16:28:04,374 - Traversing - ERROR - No application found with attempts less than max_retries and status not True.
2025-06-13 16:28:04,374 - Traversing - ERROR - No application found with attempts less than max_retries and status not True.
2025-06-13 16:28:04,374 - Traversing - ERROR - No application found with attempts less than max_retries and status not True.
2025-06-13 16:28:04,374 - Traversing - ERROR - No application found with attempts less than max_retries and status not True.
2025-06-13 16:28:04,561 - Traversing - ERROR - No application found with attempts less than max_retries and status not True.
2025-06-13 16:28:04,561 - Traversing - ERROR - No application found with attempts less than max_retries and status not True.
2025-06-13 16:28:04,561 - Traversing - ERROR - No application found with attempts less than max_retries and status not True.
2025-06-13 16:28:04,561 - Traversing - ERROR - No application found with attempts less than max_retries and status not True.
2025-06-13 16:49:05,556 - Traversing - ERROR - No application found with attempts less than max_retries and status not True.
2025-06-13 16:49:05,556 - Traversing - ERROR - No application found with attempts less than max_retries and status not True.
2025-06-13 16:49:05,734 - Traversing - ERROR - No application found with attempts less than max_retries and status not True.
2025-06-13 16:49:05,734 - Traversing - ERROR - No application found with attempts less than max_retries and status not True.
2025-06-13 16:49:06,234 - Traversing - ERROR - No application found with attempts less than max_retries and status not True.
2025-06-13 16:49:06,234 - Traversing - ERROR - No application found with attempts less than max_retries and status not True.
2025-06-13 16:49:06,265 - Traversing - ERROR - No application found with attempts less than max_retries and status not True.
2025-06-13 16:49:06,265 - Traversing - ERROR - No application found with attempts less than max_retries and status not True.
2025-06-13 16:49:06,294 - Traversing - ERROR - No application found with attempts less than max_retries and status not True.
2025-06-13 16:49:06,294 - Traversing - ERROR - No application found with attempts less than max_retries and status not True.
2025-06-13 16:49:06,325 - Traversing - ERROR - No application found with attempts less than max_retries and status not True.
2025-06-13 16:49:06,325 - Traversing - ERROR - No application found with attempts less than max_retries and status not True.
2025-06-13 16:49:06,357 - Traversing - ERROR - No application found with attempts less than max_retries and status not True.
2025-06-13 16:49:06,357 - Traversing - ERROR - No application found with attempts less than max_retries and status not True.
2025-06-13 16:49:06,386 - Traversing - ERROR - No application found with attempts less than max_retries and status not True.
2025-06-13 16:49:06,386 - Traversing - ERROR - No application found with attempts less than max_retries and status not True.
2025-06-13 16:49:06,416 - Traversing - ERROR - No application found with attempts less than max_retries and status not True.
2025-06-13 16:49:06,416 - Traversing - ERROR - No application found with attempts less than max_retries and status not True.
2025-06-13 16:49:06,446 - Traversing - ERROR - No application found with attempts less than max_retries and status not True.
2025-06-13 16:49:06,446 - Traversing - ERROR - No application found with attempts less than max_retries and status not True.
2025-06-13 16:49:06,477 - Traversing - ERROR - No application found with attempts less than max_retries and status not True.
2025-06-13 16:49:06,477 - Traversing - ERROR - No application found with attempts less than max_retries and status not True.
2025-06-13 16:49:06,507 - Traversing - ERROR - No application found with attempts less than max_retries and status not True.
2025-06-13 16:49:06,507 - Traversing - ERROR - No application found with attempts less than max_retries and status not True.
2025-06-13 16:49:06,540 - Traversing - ERROR - No application found with attempts less than max_retries and status not True.
2025-06-13 16:49:06,540 - Traversing - ERROR - No application found with attempts less than max_retries and status not True.
2025-06-13 16:49:06,571 - Traversing - ERROR - No application found with attempts less than max_retries and status not True.
2025-06-13 16:49:06,571 - Traversing - ERROR - No application found with attempts less than max_retries and status not True.
2025-06-13 16:49:06,601 - Traversing - ERROR - No application found with attempts less than max_retries and status not True.
2025-06-13 16:49:06,601 - Traversing - ERROR - No application found with attempts less than max_retries and status not True.
2025-06-13 16:49:32,394 - Traversing - ERROR - No application found with attempts less than max_retries and status not True.
2025-06-13 16:49:32,394 - Traversing - ERROR - No application found with attempts less than max_retries and status not True.
2025-06-13 16:49:32,596 - Traversing - ERROR - No application found with attempts less than max_retries and status not True.
2025-06-13 16:49:32,596 - Traversing - ERROR - No application found with attempts less than max_retries and status not True.
2025-06-13 16:49:32,833 - Traversing - ERROR - No application found with attempts less than max_retries and status not True.
2025-06-13 16:49:32,833 - Traversing - ERROR - No application found with attempts less than max_retries and status not True.
2025-06-13 16:49:33,789 - Traversing - ERROR - No application found with attempts less than max_retries and status not True.
2025-06-13 16:49:33,789 - Traversing - ERROR - No application found with attempts less than max_retries and status not True.
2025-06-13 16:49:34,290 - Traversing - ERROR - No application found with attempts less than max_retries and status not True.
2025-06-13 16:49:34,290 - Traversing - ERROR - No application found with attempts less than max_retries and status not True.
2025-06-13 16:49:34,321 - Traversing - ERROR - No application found with attempts less than max_retries and status not True.
2025-06-13 16:49:34,321 - Traversing - ERROR - No application found with attempts less than max_retries and status not True.
2025-06-13 16:49:34,353 - Traversing - ERROR - No application found with attempts less than max_retries and status not True.
2025-06-13 16:49:34,353 - Traversing - ERROR - No application found with attempts less than max_retries and status not True.
2025-06-13 16:49:34,382 - Traversing - ERROR - No application found with attempts less than max_retries and status not True.
2025-06-13 16:49:34,382 - Traversing - ERROR - No application found with attempts less than max_retries and status not True.
2025-06-13 16:49:34,413 - Traversing - ERROR - No application found with attempts less than max_retries and status not True.
2025-06-13 16:49:34,413 - Traversing - ERROR - No application found with attempts less than max_retries and status not True.
2025-06-13 16:49:34,443 - Traversing - ERROR - No application found with attempts less than max_retries and status not True.
2025-06-13 16:49:34,443 - Traversing - ERROR - No application found with attempts less than max_retries and status not True.
2025-06-13 16:49:34,473 - Traversing - ERROR - No application found with attempts less than max_retries and status not True.
2025-06-13 16:49:34,473 - Traversing - ERROR - No application found with attempts less than max_retries and status not True.
2025-06-13 16:49:49,014 - Traversing - ERROR - No application found with attempts less than max_retries and status not True.
2025-06-13 16:49:50,324 - Traversing - ERROR - No application found with attempts less than max_retries and status not True.
2025-06-13 16:49:50,540 - Traversing - ERROR - No application found with attempts less than max_retries and status not True.
2025-06-13 16:49:50,737 - Traversing - ERROR - No application found with attempts less than max_retries and status not True.
2025-06-13 16:49:50,921 - Traversing - ERROR - No application found with attempts less than max_retries and status not True.
2025-06-13 16:49:51,140 - Traversing - ERROR - No application found with attempts less than max_retries and status not True.
2025-06-13 16:49:51,305 - Traversing - ERROR - No application found with attempts less than max_retries and status not True.
2025-06-13 16:50:02,577 - Traversing - ERROR - No application found with attempts less than max_retries and status not True.
2025-06-13 16:50:02,577 - Traversing - ERROR - No application found with attempts less than max_retries and status not True.
2025-06-13 16:50:02,723 - Traversing - ERROR - No application found with attempts less than max_retries and status not True.
2025-06-13 16:50:02,723 - Traversing - ERROR - No application found with attempts less than max_retries and status not True.
2025-06-13 16:50:02,897 - Traversing - ERROR - No application found with attempts less than max_retries and status not True.
2025-06-13 16:50:02,897 - Traversing - ERROR - No application found with attempts less than max_retries and status not True.
2025-06-13 16:50:03,057 - Traversing - ERROR - No application found with attempts less than max_retries and status not True.
2025-06-13 16:50:03,057 - Traversing - ERROR - No application found with attempts less than max_retries and status not True.
2025-06-13 16:50:03,557 - Traversing - ERROR - No application found with attempts less than max_retries and status not True.
2025-06-13 16:50:03,557 - Traversing - ERROR - No application found with attempts less than max_retries and status not True.
2025-06-13 16:50:03,588 - Traversing - ERROR - No application found with attempts less than max_retries and status not True.
2025-06-13 16:50:03,588 - Traversing - ERROR - No application found with attempts less than max_retries and status not True.
2025-06-13 16:50:03,618 - Traversing - ERROR - No application found with attempts less than max_retries and status not True.
2025-06-13 16:50:03,618 - Traversing - ERROR - No application found with attempts less than max_retries and status not True.
2025-06-13 16:50:03,649 - Traversing - ERROR - No application found with attempts less than max_retries and status not True.
2025-06-13 16:50:03,649 - Traversing - ERROR - No application found with attempts less than max_retries and status not True.
2025-06-13 16:50:03,680 - Traversing - ERROR - No application found with attempts less than max_retries and status not True.
2025-06-13 16:50:03,680 - Traversing - ERROR - No application found with attempts less than max_retries and status not True.
2025-06-13 16:50:03,709 - Traversing - ERROR - No application found with attempts less than max_retries and status not True.
2025-06-13 16:50:03,709 - Traversing - ERROR - No application found with attempts less than max_retries and status not True.
2025-06-13 16:50:04,019 - Traversing - ERROR - No application found with attempts less than max_retries and status not True.
2025-06-13 16:50:04,019 - Traversing - ERROR - No application found with attempts less than max_retries and status not True.
2025-06-13 16:50:04,520 - Traversing - ERROR - No application found with attempts less than max_retries and status not True.
2025-06-13 16:50:04,520 - Traversing - ERROR - No application found with attempts less than max_retries and status not True.
2025-06-13 16:50:04,551 - Traversing - ERROR - No application found with attempts less than max_retries and status not True.
2025-06-13 16:50:04,551 - Traversing - ERROR - No application found with attempts less than max_retries and status not True.
2025-06-13 16:50:04,581 - Traversing - ERROR - No application found with attempts less than max_retries and status not True.
2025-06-13 16:50:04,581 - Traversing - ERROR - No application found with attempts less than max_retries and status not True.
2025-06-13 16:50:04,611 - Traversing - ERROR - No application found with attempts less than max_retries and status not True.
2025-06-13 16:50:04,611 - Traversing - ERROR - No application found with attempts less than max_retries and status not True.
2025-06-13 16:50:04,641 - Traversing - ERROR - No application found with attempts less than max_retries and status not True.
2025-06-13 16:50:04,641 - Traversing - ERROR - No application found with attempts less than max_retries and status not True.
2025-06-13 16:50:04,672 - Traversing - ERROR - No application found with attempts less than max_retries and status not True.
2025-06-13 16:50:04,672 - Traversing - ERROR - No application found with attempts less than max_retries and status not True.
2025-06-13 16:50:04,702 - Traversing - ERROR - No application found with attempts less than max_retries and status not True.
2025-06-13 16:50:04,702 - Traversing - ERROR - No application found with attempts less than max_retries and status not True.
2025-06-13 16:50:04,736 - Traversing - ERROR - No application found with attempts less than max_retries and status not True.
2025-06-13 16:50:04,736 - Traversing - ERROR - No application found with attempts less than max_retries and status not True.
2025-06-13 16:50:10,960 - Traversing - ERROR - No application found with attempts less than max_retries and status not True.
2025-06-13 16:50:11,497 - Traversing - ERROR - No application found with attempts less than max_retries and status not True.
2025-06-13 16:50:11,742 - Traversing - ERROR - No application found with attempts less than max_retries and status not True.
2025-06-13 16:50:12,646 - Traversing - ERROR - No application found with attempts less than max_retries and status not True.
2025-06-13 16:50:12,855 - Traversing - ERROR - No application found with attempts less than max_retries and status not True.
2025-06-13 16:50:13,052 - Traversing - ERROR - No application found with attempts less than max_retries and status not True.
2025-06-13 16:50:36,250 - Traversing - ERROR - No application found with attempts less than max_retries and status not True.
2025-06-13 16:50:36,250 - Traversing - ERROR - No application found with attempts less than max_retries and status not True.
2025-06-13 16:50:36,467 - Traversing - ERROR - No application found with attempts less than max_retries and status not True.
2025-06-13 16:50:36,467 - Traversing - ERROR - No application found with attempts less than max_retries and status not True.
2025-06-13 16:50:36,966 - Traversing - ERROR - No application found with attempts less than max_retries and status not True.
2025-06-13 16:50:36,966 - Traversing - ERROR - No application found with attempts less than max_retries and status not True.
2025-06-13 16:50:36,997 - Traversing - ERROR - No application found with attempts less than max_retries and status not True.
2025-06-13 16:50:36,997 - Traversing - ERROR - No application found with attempts less than max_retries and status not True.
2025-06-13 16:50:37,027 - Traversing - ERROR - No application found with attempts less than max_retries and status not True.
2025-06-13 16:50:37,027 - Traversing - ERROR - No application found with attempts less than max_retries and status not True.
2025-06-13 16:50:37,058 - Traversing - ERROR - No application found with attempts less than max_retries and status not True.
2025-06-13 16:50:37,058 - Traversing - ERROR - No application found with attempts less than max_retries and status not True.
2025-06-13 16:50:37,088 - Traversing - ERROR - No application found with attempts less than max_retries and status not True.
2025-06-13 16:50:37,088 - Traversing - ERROR - No application found with attempts less than max_retries and status not True.
2025-06-13 16:50:37,119 - Traversing - ERROR - No application found with attempts less than max_retries and status not True.
2025-06-13 16:50:37,119 - Traversing - ERROR - No application found with attempts less than max_retries and status not True.
2025-06-13 16:50:37,244 - Traversing - ERROR - No application found with attempts less than max_retries and status not True.
2025-06-13 16:50:37,244 - Traversing - ERROR - No application found with attempts less than max_retries and status not True.
2025-06-13 16:50:37,784 - Traversing - ERROR - No application found with attempts less than max_retries and status not True.
2025-06-13 16:50:37,784 - Traversing - ERROR - No application found with attempts less than max_retries and status not True.
2025-06-13 16:50:38,060 - Traversing - ERROR - No application found with attempts less than max_retries and status not True.
2025-06-13 16:50:38,060 - Traversing - ERROR - No application found with attempts less than max_retries and status not True.
2025-06-13 16:50:38,278 - Traversing - ERROR - No application found with attempts less than max_retries and status not True.
2025-06-13 16:50:38,278 - Traversing - ERROR - No application found with attempts less than max_retries and status not True.
2025-06-13 16:50:38,708 - Traversing - ERROR - No application found with attempts less than max_retries and status not True.
2025-06-13 16:50:38,708 - Traversing - ERROR - No application found with attempts less than max_retries and status not True.
2025-06-13 16:50:38,916 - Traversing - ERROR - No application found with attempts less than max_retries and status not True.
2025-06-13 16:50:38,916 - Traversing - ERROR - No application found with attempts less than max_retries and status not True.
2025-06-13 16:50:39,417 - Traversing - ERROR - No application found with attempts less than max_retries and status not True.
2025-06-13 16:50:39,417 - Traversing - ERROR - No application found with attempts less than max_retries and status not True.
2025-06-13 16:50:39,448 - Traversing - ERROR - No application found with attempts less than max_retries and status not True.
2025-06-13 16:50:39,448 - Traversing - ERROR - No application found with attempts less than max_retries and status not True.
2025-06-13 16:50:39,477 - Traversing - ERROR - No application found with attempts less than max_retries and status not True.
2025-06-13 16:50:39,477 - Traversing - ERROR - No application found with attempts less than max_retries and status not True.
2025-06-13 16:50:39,508 - Traversing - ERROR - No application found with attempts less than max_retries and status not True.
2025-06-13 16:50:39,508 - Traversing - ERROR - No application found with attempts less than max_retries and status not True.
2025-06-13 16:50:39,538 - Traversing - ERROR - No application found with attempts less than max_retries and status not True.
2025-06-13 16:50:39,538 - Traversing - ERROR - No application found with attempts less than max_retries and status not True.
2025-06-13 16:50:39,570 - Traversing - ERROR - No application found with attempts less than max_retries and status not True.
2025-06-13 16:50:39,570 - Traversing - ERROR - No application found with attempts less than max_retries and status not True.
2025-06-13 16:50:39,599 - Traversing - ERROR - No application found with attempts less than max_retries and status not True.
2025-06-13 16:50:39,599 - Traversing - ERROR - No application found with attempts less than max_retries and status not True.
2025-06-13 16:50:39,629 - Traversing - ERROR - No application found with attempts less than max_retries and status not True.
2025-06-13 16:50:39,629 - Traversing - ERROR - No application found with attempts less than max_retries and status not True.
2025-06-13 16:52:15,024 - Traversing - ERROR - No application found with attempts less than max_retries and status not True.
2025-06-13 16:52:15,207 - Traversing - ERROR - No application found with attempts less than max_retries and status not True.
2025-06-13 16:52:15,372 - Traversing - ERROR - No application found with attempts less than max_retries and status not True.
2025-06-13 16:52:15,527 - Traversing - ERROR - No application found with attempts less than max_retries and status not True.
2025-06-13 16:52:15,690 - Traversing - ERROR - No application found with attempts less than max_retries and status not True.
2025-06-13 16:52:15,856 - Traversing - ERROR - No application found with attempts less than max_retries and status not True.
2025-06-13 16:52:16,009 - Traversing - ERROR - No application found with attempts less than max_retries and status not True.
2025-06-13 16:52:16,166 - Traversing - ERROR - No application found with attempts less than max_retries and status not True.
2025-06-13 16:52:16,319 - Traversing - ERROR - No application found with attempts less than max_retries and status not True.
2025-06-13 16:52:16,490 - Traversing - ERROR - No application found with attempts less than max_retries and status not True.
2025-06-13 16:53:31,103 - Traversing - ERROR - No application found with attempts less than max_retries and status not True.
2025-06-13 16:53:31,103 - Traversing - ERROR - No application found with attempts less than max_retries and status not True.
2025-06-13 16:53:31,715 - Traversing - ERROR - No application found with attempts less than max_retries and status not True.
2025-06-13 16:53:31,715 - Traversing - ERROR - No application found with attempts less than max_retries and status not True.
2025-06-13 17:12:14,371 - Traversing - ERROR - No application found with attempts less than max_retries and status not True.
2025-06-13 17:12:14,571 - Traversing - ERROR - No application found with attempts less than max_retries and status not True.
2025-06-13 17:12:14,764 - Traversing - ERROR - No application found with attempts less than max_retries and status not True.
2025-06-13 17:12:14,992 - Traversing - ERROR - No application found with attempts less than max_retries and status not True.
2025-06-13 17:12:15,492 - Traversing - ERROR - No application found with attempts less than max_retries and status not True.
2025-06-13 17:12:15,523 - Traversing - ERROR - No application found with attempts less than max_retries and status not True.
2025-06-13 17:12:15,552 - Traversing - ERROR - No application found with attempts less than max_retries and status not True.
2025-06-13 17:12:15,582 - Traversing - ERROR - No application found with attempts less than max_retries and status not True.
2025-06-13 17:12:15,612 - Traversing - ERROR - No application found with attempts less than max_retries and status not True.
2025-06-13 17:12:15,643 - Traversing - ERROR - No application found with attempts less than max_retries and status not True.
2025-06-13 17:12:15,673 - Traversing - ERROR - No application found with attempts less than max_retries and status not True.
2025-06-13 17:12:15,704 - Traversing - ERROR - No application found with attempts less than max_retries and status not True.
2025-06-13 17:12:15,733 - Traversing - ERROR - No application found with attempts less than max_retries and status not True.
2025-06-13 17:12:15,763 - Traversing - ERROR - No application found with attempts less than max_retries and status not True.
2025-06-13 17:12:15,794 - Traversing - ERROR - No application found with attempts less than max_retries and status not True.
2025-06-13 17:12:15,824 - Traversing - ERROR - No application found with attempts less than max_retries and status not True.
2025-06-13 17:12:15,855 - Traversing - ERROR - No application found with attempts less than max_retries and status not True.
2025-06-13 17:12:15,885 - Traversing - ERROR - No application found with attempts less than max_retries and status not True.
2025-06-13 17:12:16,050 - Traversing - ERROR - No application found with attempts less than max_retries and status not True.
2025-06-13 17:25:23,170 - Traversing - ERROR - No application found with attempts less than max_retries and status not True.
2025-06-13 17:25:23,170 - Traversing - ERROR - No application found with attempts less than max_retries and status not True.
2025-06-13 17:25:27,635 - Traversing - ERROR - No application found with attempts less than max_retries and status not True.
2025-06-13 17:29:21,590 - Traversing - ERROR - No application found with attempts less than max_retries and status not True.
2025-06-13 17:29:21,590 - Traversing - ERROR - No application found with attempts less than max_retries and status not True.
2025-06-13 17:29:21,590 - Traversing - ERROR - No application found with attempts less than max_retries and status not True.
2025-06-13 17:29:21,590 - Traversing - ERROR - No application found with attempts less than max_retries and status not True.
2025-06-13 17:29:21,800 - Traversing - ERROR - No application found with attempts less than max_retries and status not True.
2025-06-13 17:29:21,800 - Traversing - ERROR - No application found with attempts less than max_retries and status not True.
2025-06-13 17:31:21,141 - Traversing - ERROR - No application found with attempts less than max_retries and status not True.
2025-06-13 17:31:21,141 - Traversing - ERROR - No application found with attempts less than max_retries and status not True.
2025-06-13 17:31:21,141 - Traversing - ERROR - No application found with attempts less than max_retries and status not True.
2025-06-13 17:31:21,141 - Traversing - ERROR - No application found with attempts less than max_retries and status not True.
2025-06-13 17:31:21,342 - Traversing - ERROR - No application found with attempts less than max_retries and status not True.
2025-06-13 17:31:21,342 - Traversing - ERROR - No application found with attempts less than max_retries and status not True.
2025-06-13 17:35:51,025 - Traversing - ERROR - No application found with attempts less than max_retries and status not True.
2025-06-13 17:35:51,025 - Traversing - ERROR - No application found with attempts less than max_retries and status not True.
2025-06-13 17:35:51,205 - Traversing - ERROR - No application found with attempts less than max_retries and status not True.
2025-06-13 17:35:51,205 - Traversing - ERROR - No application found with attempts less than max_retries and status not True.
2025-06-14 10:36:38,273 - Traversing - ERROR - No application found with attempts less than max_retries and status not True.
2025-06-14 10:36:38,273 - Traversing - ERROR - No application found with attempts less than max_retries and status not True.
2025-06-14 10:36:38,273 - Traversing - ERROR - No application found with attempts less than max_retries and status not True.
2025-06-14 10:36:38,273 - Traversing - ERROR - No application found with attempts less than max_retries and status not True.
2025-06-14 10:39:52,120 - Traversing - ERROR - No application found with attempts less than max_retries and status not True.
2025-06-14 10:39:52,120 - Traversing - ERROR - No application found with attempts less than max_retries and status not True.
2025-06-14 10:43:48,543 - Traversing - ERROR - No application found with attempts less than max_retries and status not True.
2025-06-14 10:43:48,543 - Traversing - ERROR - No application found with attempts less than max_retries and status not True.
2025-06-14 10:44:20,211 - Traversing - ERROR - No application found with attempts less than max_retries and status not True.
2025-06-14 10:44:20,211 - Traversing - ERROR - No application found with attempts less than max_retries and status not True.
2025-06-14 10:44:20,411 - Traversing - ERROR - No application found with attempts less than max_retries and status not True.
2025-06-14 10:44:20,411 - Traversing - ERROR - No application found with attempts less than max_retries and status not True.
2025-06-14 10:44:20,591 - Traversing - ERROR - No application found with attempts less than max_retries and status not True.
2025-06-14 10:44:20,591 - Traversing - ERROR - No application found with attempts less than max_retries and status not True.
2025-06-14 10:44:21,091 - Traversing - ERROR - No application found with attempts less than max_retries and status not True.
2025-06-14 10:44:21,091 - Traversing - ERROR - No application found with attempts less than max_retries and status not True.
2025-06-14 10:44:21,122 - Traversing - ERROR - No application found with attempts less than max_retries and status not True.
2025-06-14 10:44:21,122 - Traversing - ERROR - No application found with attempts less than max_retries and status not True.
2025-06-14 10:44:21,152 - Traversing - ERROR - No application found with attempts less than max_retries and status not True.
2025-06-14 10:44:21,152 - Traversing - ERROR - No application found with attempts less than max_retries and status not True.
2025-06-14 10:44:21,182 - Traversing - ERROR - No application found with attempts less than max_retries and status not True.
2025-06-14 10:44:21,182 - Traversing - ERROR - No application found with attempts less than max_retries and status not True.
2025-06-14 10:44:21,212 - Traversing - ERROR - No application found with attempts less than max_retries and status not True.
2025-06-14 10:44:21,212 - Traversing - ERROR - No application found with attempts less than max_retries and status not True.
2025-06-14 10:44:21,242 - Traversing - ERROR - No application found with attempts less than max_retries and status not True.
2025-06-14 10:44:21,242 - Traversing - ERROR - No application found with attempts less than max_retries and status not True.
2025-06-14 10:44:21,272 - Traversing - ERROR - No application found with attempts less than max_retries and status not True.
2025-06-14 10:44:21,272 - Traversing - ERROR - No application found with attempts less than max_retries and status not True.
2025-06-14 10:44:21,302 - Traversing - ERROR - No application found with attempts less than max_retries and status not True.
2025-06-14 10:44:21,302 - Traversing - ERROR - No application found with attempts less than max_retries and status not True.
2025-06-14 10:44:21,333 - Traversing - ERROR - No application found with attempts less than max_retries and status not True.
2025-06-14 10:44:21,333 - Traversing - ERROR - No application found with attempts less than max_retries and status not True.
2025-06-14 10:45:12,591 - Traversing - ERROR - No application found with attempts less than max_retries and status not True.
2025-06-14 10:45:12,591 - Traversing - ERROR - No application found with attempts less than max_retries and status not True.
2025-06-14 10:45:12,591 - Traversing - ERROR - No application found with attempts less than max_retries and status not True.
2025-06-14 10:45:12,591 - Traversing - ERROR - No application found with attempts less than max_retries and status not True.
2025-06-14 10:45:12,810 - Traversing - ERROR - No application found with attempts less than max_retries and status not True.
2025-06-14 10:45:12,810 - Traversing - ERROR - No application found with attempts less than max_retries and status not True.
2025-06-14 10:45:12,810 - Traversing - ERROR - No application found with attempts less than max_retries and status not True.
2025-06-14 10:45:12,810 - Traversing - ERROR - No application found with attempts less than max_retries and status not True.
2025-06-14 10:45:13,011 - Traversing - ERROR - No application found with attempts less than max_retries and status not True.
2025-06-14 10:45:13,011 - Traversing - ERROR - No application found with attempts less than max_retries and status not True.
2025-06-14 10:45:13,011 - Traversing - ERROR - No application found with attempts less than max_retries and status not True.
2025-06-14 10:45:13,011 - Traversing - ERROR - No application found with attempts less than max_retries and status not True.
2025-06-14 10:45:13,511 - Traversing - ERROR - No application found with attempts less than max_retries and status not True.
2025-06-14 10:45:13,511 - Traversing - ERROR - No application found with attempts less than max_retries and status not True.
2025-06-14 10:45:13,511 - Traversing - ERROR - No application found with attempts less than max_retries and status not True.
2025-06-14 10:45:13,511 - Traversing - ERROR - No application found with attempts less than max_retries and status not True.
2025-06-14 10:45:13,541 - Traversing - ERROR - No application found with attempts less than max_retries and status not True.
2025-06-14 10:45:13,541 - Traversing - ERROR - No application found with attempts less than max_retries and status not True.
2025-06-14 10:45:13,541 - Traversing - ERROR - No application found with attempts less than max_retries and status not True.
2025-06-14 10:45:13,541 - Traversing - ERROR - No application found with attempts less than max_retries and status not True.
2025-06-14 10:45:13,571 - Traversing - ERROR - No application found with attempts less than max_retries and status not True.
2025-06-14 10:45:13,571 - Traversing - ERROR - No application found with attempts less than max_retries and status not True.
2025-06-14 10:45:13,571 - Traversing - ERROR - No application found with attempts less than max_retries and status not True.
2025-06-14 10:45:13,571 - Traversing - ERROR - No application found with attempts less than max_retries and status not True.
2025-06-14 10:45:13,601 - Traversing - ERROR - No application found with attempts less than max_retries and status not True.
2025-06-14 10:45:13,601 - Traversing - ERROR - No application found with attempts less than max_retries and status not True.
2025-06-14 10:45:13,601 - Traversing - ERROR - No application found with attempts less than max_retries and status not True.
2025-06-14 10:45:13,601 - Traversing - ERROR - No application found with attempts less than max_retries and status not True.
2025-06-14 10:45:13,631 - Traversing - ERROR - No application found with attempts less than max_retries and status not True.
2025-06-14 10:45:13,631 - Traversing - ERROR - No application found with attempts less than max_retries and status not True.
2025-06-14 10:45:13,631 - Traversing - ERROR - No application found with attempts less than max_retries and status not True.
2025-06-14 10:45:13,631 - Traversing - ERROR - No application found with attempts less than max_retries and status not True.
2025-06-14 10:45:13,662 - Traversing - ERROR - No application found with attempts less than max_retries and status not True.
2025-06-14 10:45:13,662 - Traversing - ERROR - No application found with attempts less than max_retries and status not True.
2025-06-14 10:45:13,662 - Traversing - ERROR - No application found with attempts less than max_retries and status not True.
2025-06-14 10:45:13,662 - Traversing - ERROR - No application found with attempts less than max_retries and status not True.
2025-06-14 10:45:13,692 - Traversing - ERROR - No application found with attempts less than max_retries and status not True.
2025-06-14 10:45:13,692 - Traversing - ERROR - No application found with attempts less than max_retries and status not True.
2025-06-14 10:45:13,692 - Traversing - ERROR - No application found with attempts less than max_retries and status not True.
2025-06-14 10:45:13,692 - Traversing - ERROR - No application found with attempts less than max_retries and status not True.
2025-06-14 10:45:13,722 - Traversing - ERROR - No application found with attempts less than max_retries and status not True.
2025-06-14 10:45:13,722 - Traversing - ERROR - No application found with attempts less than max_retries and status not True.
2025-06-14 10:45:13,722 - Traversing - ERROR - No application found with attempts less than max_retries and status not True.
2025-06-14 10:45:13,722 - Traversing - ERROR - No application found with attempts less than max_retries and status not True.
2025-06-14 10:47:03,057 - Traversing - ERROR - No application found with attempts less than max_retries and status not True.
2025-06-14 10:47:03,057 - Traversing - ERROR - No application found with attempts less than max_retries and status not True.
2025-06-14 10:47:03,268 - Traversing - ERROR - No application found with attempts less than max_retries and status not True.
2025-06-14 10:47:03,268 - Traversing - ERROR - No application found with attempts less than max_retries and status not True.
2025-06-14 10:47:03,437 - Traversing - ERROR - No application found with attempts less than max_retries and status not True.
2025-06-14 10:47:03,437 - Traversing - ERROR - No application found with attempts less than max_retries and status not True.
2025-06-14 10:47:03,938 - Traversing - ERROR - No application found with attempts less than max_retries and status not True.
2025-06-14 10:47:03,938 - Traversing - ERROR - No application found with attempts less than max_retries and status not True.
2025-06-14 10:47:03,968 - Traversing - ERROR - No application found with attempts less than max_retries and status not True.
2025-06-14 10:47:03,968 - Traversing - ERROR - No application found with attempts less than max_retries and status not True.
2025-06-14 10:47:03,998 - Traversing - ERROR - No application found with attempts less than max_retries and status not True.
2025-06-14 10:47:03,998 - Traversing - ERROR - No application found with attempts less than max_retries and status not True.
2025-06-14 10:47:04,028 - Traversing - ERROR - No application found with attempts less than max_retries and status not True.
2025-06-14 10:47:04,028 - Traversing - ERROR - No application found with attempts less than max_retries and status not True.
2025-06-14 10:47:04,058 - Traversing - ERROR - No application found with attempts less than max_retries and status not True.
2025-06-14 10:47:04,058 - Traversing - ERROR - No application found with attempts less than max_retries and status not True.
2025-06-14 10:47:04,089 - Traversing - ERROR - No application found with attempts less than max_retries and status not True.
2025-06-14 10:47:04,089 - Traversing - ERROR - No application found with attempts less than max_retries and status not True.
2025-06-14 10:47:04,118 - Traversing - ERROR - No application found with attempts less than max_retries and status not True.
2025-06-14 10:47:04,118 - Traversing - ERROR - No application found with attempts less than max_retries and status not True.
2025-06-14 10:47:04,149 - Traversing - ERROR - No application found with attempts less than max_retries and status not True.
2025-06-14 10:47:04,149 - Traversing - ERROR - No application found with attempts less than max_retries and status not True.
2025-06-14 10:47:04,179 - Traversing - ERROR - No application found with attempts less than max_retries and status not True.
2025-06-14 10:47:04,179 - Traversing - ERROR - No application found with attempts less than max_retries and status not True.
2025-06-14 10:47:04,209 - Traversing - ERROR - No application found with attempts less than max_retries and status not True.
2025-06-14 10:47:04,209 - Traversing - ERROR - No application found with attempts less than max_retries and status not True.
2025-06-14 10:47:04,240 - Traversing - ERROR - No application found with attempts less than max_retries and status not True.
2025-06-14 10:47:04,240 - Traversing - ERROR - No application found with attempts less than max_retries and status not True.
2025-06-14 10:47:04,270 - Traversing - ERROR - No application found with attempts less than max_retries and status not True.
2025-06-14 10:47:04,270 - Traversing - ERROR - No application found with attempts less than max_retries and status not True.
2025-06-14 10:47:04,300 - Traversing - ERROR - No application found with attempts less than max_retries and status not True.
2025-06-14 10:47:04,300 - Traversing - ERROR - No application found with attempts less than max_retries and status not True.
2025-06-14 10:47:04,329 - Traversing - ERROR - No application found with attempts less than max_retries and status not True.
2025-06-14 10:47:04,329 - Traversing - ERROR - No application found with attempts less than max_retries and status not True.
2025-06-14 10:47:04,360 - Traversing - ERROR - No application found with attempts less than max_retries and status not True.
2025-06-14 10:47:04,360 - Traversing - ERROR - No application found with attempts less than max_retries and status not True.
2025-06-14 10:47:04,390 - Traversing - ERROR - No application found with attempts less than max_retries and status not True.
2025-06-14 10:47:04,390 - Traversing - ERROR - No application found with attempts less than max_retries and status not True.
2025-06-14 10:47:04,420 - Traversing - ERROR - No application found with attempts less than max_retries and status not True.
2025-06-14 10:47:04,420 - Traversing - ERROR - No application found with attempts less than max_retries and status not True.
2025-06-14 10:47:04,450 - Traversing - ERROR - No application found with attempts less than max_retries and status not True.
2025-06-14 10:47:04,450 - Traversing - ERROR - No application found with attempts less than max_retries and status not True.
2025-06-14 10:47:04,480 - Traversing - ERROR - No application found with attempts less than max_retries and status not True.
2025-06-14 10:47:04,480 - Traversing - ERROR - No application found with attempts less than max_retries and status not True.
2025-06-14 10:47:04,510 - Traversing - ERROR - No application found with attempts less than max_retries and status not True.
2025-06-14 10:47:04,510 - Traversing - ERROR - No application found with attempts less than max_retries and status not True.
2025-06-14 10:47:04,540 - Traversing - ERROR - No application found with attempts less than max_retries and status not True.
2025-06-14 10:47:04,540 - Traversing - ERROR - No application found with attempts less than max_retries and status not True.
2025-06-14 10:47:04,570 - Traversing - ERROR - No application found with attempts less than max_retries and status not True.
2025-06-14 10:47:04,570 - Traversing - ERROR - No application found with attempts less than max_retries and status not True.
2025-06-14 10:47:04,600 - Traversing - ERROR - No application found with attempts less than max_retries and status not True.
2025-06-14 10:47:04,600 - Traversing - ERROR - No application found with attempts less than max_retries and status not True.
2025-06-14 10:47:04,630 - Traversing - ERROR - No application found with attempts less than max_retries and status not True.
2025-06-14 10:47:04,630 - Traversing - ERROR - No application found with attempts less than max_retries and status not True.
2025-06-14 10:47:04,660 - Traversing - ERROR - No application found with attempts less than max_retries and status not True.
2025-06-14 10:47:04,660 - Traversing - ERROR - No application found with attempts less than max_retries and status not True.
2025-06-14 10:47:04,690 - Traversing - ERROR - No application found with attempts less than max_retries and status not True.
2025-06-14 10:47:04,690 - Traversing - ERROR - No application found with attempts less than max_retries and status not True.
2025-06-14 10:47:04,721 - Traversing - ERROR - No application found with attempts less than max_retries and status not True.
2025-06-14 10:47:04,721 - Traversing - ERROR - No application found with attempts less than max_retries and status not True.
2025-06-14 10:47:04,751 - Traversing - ERROR - No application found with attempts less than max_retries and status not True.
2025-06-14 10:47:04,751 - Traversing - ERROR - No application found with attempts less than max_retries and status not True.
2025-06-14 10:47:04,781 - Traversing - ERROR - No application found with attempts less than max_retries and status not True.
2025-06-14 10:47:04,781 - Traversing - ERROR - No application found with attempts less than max_retries and status not True.
2025-06-14 10:47:04,812 - Traversing - ERROR - No application found with attempts less than max_retries and status not True.
2025-06-14 10:47:04,812 - Traversing - ERROR - No application found with attempts less than max_retries and status not True.
2025-06-14 10:47:04,842 - Traversing - ERROR - No application found with attempts less than max_retries and status not True.
2025-06-14 10:47:04,842 - Traversing - ERROR - No application found with attempts less than max_retries and status not True.
2025-06-14 10:47:04,872 - Traversing - ERROR - No application found with attempts less than max_retries and status not True.
2025-06-14 10:47:04,872 - Traversing - ERROR - No application found with attempts less than max_retries and status not True.
2025-06-14 10:47:59,858 - Traversing - ERROR - No application found with attempts less than max_retries and status not True.
2025-06-14 10:47:59,858 - Traversing - ERROR - No application found with attempts less than max_retries and status not True.
2025-06-14 10:47:59,859 - Traversing - ERROR - No application found with attempts less than max_retries and status not True.
2025-06-14 10:47:59,859 - Traversing - ERROR - No application found with attempts less than max_retries and status not True.
2025-06-14 10:48:00,359 - Traversing - ERROR - No application found with attempts less than max_retries and status not True.
2025-06-14 10:48:00,359 - Traversing - ERROR - No application found with attempts less than max_retries and status not True.
2025-06-14 10:48:00,359 - Traversing - ERROR - No application found with attempts less than max_retries and status not True.
2025-06-14 10:48:00,359 - Traversing - ERROR - No application found with attempts less than max_retries and status not True.
2025-06-14 10:48:00,389 - Traversing - ERROR - No application found with attempts less than max_retries and status not True.
2025-06-14 10:48:00,389 - Traversing - ERROR - No application found with attempts less than max_retries and status not True.
2025-06-14 10:48:00,389 - Traversing - ERROR - No application found with attempts less than max_retries and status not True.
2025-06-14 10:48:00,389 - Traversing - ERROR - No application found with attempts less than max_retries and status not True.
2025-06-14 10:48:00,419 - Traversing - ERROR - No application found with attempts less than max_retries and status not True.
2025-06-14 10:48:00,419 - Traversing - ERROR - No application found with attempts less than max_retries and status not True.
2025-06-14 10:48:00,419 - Traversing - ERROR - No application found with attempts less than max_retries and status not True.
2025-06-14 10:48:00,419 - Traversing - ERROR - No application found with attempts less than max_retries and status not True.
2025-06-14 10:48:00,449 - Traversing - ERROR - No application found with attempts less than max_retries and status not True.
2025-06-14 10:48:00,449 - Traversing - ERROR - No application found with attempts less than max_retries and status not True.
2025-06-14 10:48:00,449 - Traversing - ERROR - No application found with attempts less than max_retries and status not True.
2025-06-14 10:48:00,449 - Traversing - ERROR - No application found with attempts less than max_retries and status not True.
2025-06-14 10:48:00,479 - Traversing - ERROR - No application found with attempts less than max_retries and status not True.
2025-06-14 10:48:00,480 - Traversing - ERROR - No application found with attempts less than max_retries and status not True.
2025-06-14 10:48:00,479 - Traversing - ERROR - No application found with attempts less than max_retries and status not True.
2025-06-14 10:48:00,480 - Traversing - ERROR - No application found with attempts less than max_retries and status not True.
2025-06-14 10:48:00,510 - Traversing - ERROR - No application found with attempts less than max_retries and status not True.
2025-06-14 10:48:00,510 - Traversing - ERROR - No application found with attempts less than max_retries and status not True.
2025-06-14 10:48:00,510 - Traversing - ERROR - No application found with attempts less than max_retries and status not True.
2025-06-14 10:48:00,510 - Traversing - ERROR - No application found with attempts less than max_retries and status not True.
2025-06-14 10:48:00,541 - Traversing - ERROR - No application found with attempts less than max_retries and status not True.
2025-06-14 10:48:00,541 - Traversing - ERROR - No application found with attempts less than max_retries and status not True.
2025-06-14 10:48:00,541 - Traversing - ERROR - No application found with attempts less than max_retries and status not True.
2025-06-14 10:48:00,541 - Traversing - ERROR - No application found with attempts less than max_retries and status not True.
2025-06-14 10:48:00,571 - Traversing - ERROR - No application found with attempts less than max_retries and status not True.
2025-06-14 10:48:00,571 - Traversing - ERROR - No application found with attempts less than max_retries and status not True.
2025-06-14 10:48:00,571 - Traversing - ERROR - No application found with attempts less than max_retries and status not True.
2025-06-14 10:48:00,571 - Traversing - ERROR - No application found with attempts less than max_retries and status not True.
2025-06-14 10:48:00,601 - Traversing - ERROR - No application found with attempts less than max_retries and status not True.
2025-06-14 10:48:00,601 - Traversing - ERROR - No application found with attempts less than max_retries and status not True.
2025-06-14 10:48:00,601 - Traversing - ERROR - No application found with attempts less than max_retries and status not True.
2025-06-14 10:48:00,601 - Traversing - ERROR - No application found with attempts less than max_retries and status not True.
2025-06-14 10:48:00,631 - Traversing - ERROR - No application found with attempts less than max_retries and status not True.
2025-06-14 10:48:00,631 - Traversing - ERROR - No application found with attempts less than max_retries and status not True.
2025-06-14 10:48:00,631 - Traversing - ERROR - No application found with attempts less than max_retries and status not True.
2025-06-14 10:48:00,631 - Traversing - ERROR - No application found with attempts less than max_retries and status not True.
2025-06-14 10:48:00,662 - Traversing - ERROR - No application found with attempts less than max_retries and status not True.
2025-06-14 10:48:00,662 - Traversing - ERROR - No application found with attempts less than max_retries and status not True.
2025-06-14 10:48:00,662 - Traversing - ERROR - No application found with attempts less than max_retries and status not True.
2025-06-14 10:48:00,662 - Traversing - ERROR - No application found with attempts less than max_retries and status not True.
2025-06-14 10:48:00,692 - Traversing - ERROR - No application found with attempts less than max_retries and status not True.
2025-06-14 10:48:00,692 - Traversing - ERROR - No application found with attempts less than max_retries and status not True.
2025-06-14 10:48:00,692 - Traversing - ERROR - No application found with attempts less than max_retries and status not True.
2025-06-14 10:48:00,692 - Traversing - ERROR - No application found with attempts less than max_retries and status not True.
2025-06-14 10:51:09,259 - Traversing - ERROR - No application found with attempts less than max_retries and status not True.
2025-06-14 10:51:09,259 - Traversing - ERROR - No application found with attempts less than max_retries and status not True.
2025-06-14 10:51:09,289 - Traversing - ERROR - No application found with attempts less than max_retries and status not True.
2025-06-14 10:51:09,289 - Traversing - ERROR - No application found with attempts less than max_retries and status not True.
2025-06-14 10:51:09,289 - Traversing - ERROR - No application found with attempts less than max_retries and status not True.
2025-06-14 10:51:09,289 - Traversing - ERROR - No application found with attempts less than max_retries and status not True.
2025-06-14 10:51:09,320 - Traversing - ERROR - No application found with attempts less than max_retries and status not True.
2025-06-14 10:51:09,320 - Traversing - ERROR - No application found with attempts less than max_retries and status not True.
2025-06-14 10:51:09,320 - Traversing - ERROR - No application found with attempts less than max_retries and status not True.
2025-06-14 10:51:09,320 - Traversing - ERROR - No application found with attempts less than max_retries and status not True.
2025-06-14 10:51:09,350 - Traversing - ERROR - No application found with attempts less than max_retries and status not True.
2025-06-14 10:51:09,350 - Traversing - ERROR - No application found with attempts less than max_retries and status not True.
2025-06-14 10:51:09,351 - Traversing - ERROR - No application found with attempts less than max_retries and status not True.
2025-06-14 10:51:09,351 - Traversing - ERROR - No application found with attempts less than max_retries and status not True.
2025-06-14 10:51:09,382 - Traversing - ERROR - No application found with attempts less than max_retries and status not True.
2025-06-14 10:51:09,382 - Traversing - ERROR - No application found with attempts less than max_retries and status not True.
2025-06-14 10:51:09,382 - Traversing - ERROR - No application found with attempts less than max_retries and status not True.
2025-06-14 10:51:09,382 - Traversing - ERROR - No application found with attempts less than max_retries and status not True.
2025-06-14 10:51:09,412 - Traversing - ERROR - No application found with attempts less than max_retries and status not True.
2025-06-14 10:51:09,412 - Traversing - ERROR - No application found with attempts less than max_retries and status not True.
2025-06-14 10:51:09,412 - Traversing - ERROR - No application found with attempts less than max_retries and status not True.
2025-06-14 10:51:09,412 - Traversing - ERROR - No application found with attempts less than max_retries and status not True.
2025-06-14 10:51:09,442 - Traversing - ERROR - No application found with attempts less than max_retries and status not True.
2025-06-14 10:51:09,442 - Traversing - ERROR - No application found with attempts less than max_retries and status not True.
2025-06-14 10:51:09,442 - Traversing - ERROR - No application found with attempts less than max_retries and status not True.
2025-06-14 10:51:09,442 - Traversing - ERROR - No application found with attempts less than max_retries and status not True.
2025-06-14 10:51:09,473 - Traversing - ERROR - No application found with attempts less than max_retries and status not True.
2025-06-14 10:51:09,473 - Traversing - ERROR - No application found with attempts less than max_retries and status not True.
2025-06-14 10:51:09,473 - Traversing - ERROR - No application found with attempts less than max_retries and status not True.
2025-06-14 10:51:09,473 - Traversing - ERROR - No application found with attempts less than max_retries and status not True.
2025-06-14 10:51:09,503 - Traversing - ERROR - No application found with attempts less than max_retries and status not True.
2025-06-14 10:51:09,503 - Traversing - ERROR - No application found with attempts less than max_retries and status not True.
2025-06-14 10:51:09,503 - Traversing - ERROR - No application found with attempts less than max_retries and status not True.
2025-06-14 10:51:09,503 - Traversing - ERROR - No application found with attempts less than max_retries and status not True.
2025-06-14 10:51:09,533 - Traversing - ERROR - No application found with attempts less than max_retries and status not True.
2025-06-14 10:51:09,533 - Traversing - ERROR - No application found with attempts less than max_retries and status not True.
2025-06-14 10:51:09,533 - Traversing - ERROR - No application found with attempts less than max_retries and status not True.
2025-06-14 10:51:09,533 - Traversing - ERROR - No application found with attempts less than max_retries and status not True.
2025-06-14 10:51:09,564 - Traversing - ERROR - No application found with attempts less than max_retries and status not True.
2025-06-14 10:51:09,564 - Traversing - ERROR - No application found with attempts less than max_retries and status not True.
2025-06-14 10:51:09,564 - Traversing - ERROR - No application found with attempts less than max_retries and status not True.
2025-06-14 10:51:09,564 - Traversing - ERROR - No application found with attempts less than max_retries and status not True.
2025-06-15 11:18:22,411 - Traversing - ERROR - No application found with attempts less than max_retries and status not True.
2025-06-15 11:18:22,411 - Traversing - ERROR - No application found with attempts less than max_retries and status not True.
2025-06-15 11:18:22,411 - Traversing - ERROR - No application found with attempts less than max_retries and status not True.
2025-06-15 11:18:22,411 - Traversing - ERROR - No application found with attempts less than max_retries and status not True.
2025-06-15 11:18:22,618 - Traversing - ERROR - No application found with attempts less than max_retries and status not True.
2025-06-15 11:18:22,618 - Traversing - ERROR - No application found with attempts less than max_retries and status not True.
2025-06-15 11:38:00,727 - Traversing - ERROR - No application found with attempts less than max_retries and status not True.
2025-06-15 11:38:00,727 - Traversing - ERROR - No application found with attempts less than max_retries and status not True.
2025-06-15 12:21:32,028 - Traversing - ERROR - No application found with attempts less than max_retries and status not True.
2025-06-15 12:21:32,028 - Traversing - ERROR - No application found with attempts less than max_retries and status not True.
2025-06-15 12:21:57,288 - Traversing - ERROR - No application found with attempts less than max_retries and status not True.
2025-06-15 12:21:57,288 - Traversing - ERROR - No application found with attempts less than max_retries and status not True.
2025-06-15 12:21:57,288 - Traversing - ERROR - No application found with attempts less than max_retries and status not True.
2025-06-15 12:21:57,288 - Traversing - ERROR - No application found with attempts less than max_retries and status not True.
2025-06-15 12:21:57,517 - Traversing - ERROR - No application found with attempts less than max_retries and status not True.
2025-06-15 12:21:57,517 - Traversing - ERROR - No application found with attempts less than max_retries and status not True.
2025-06-15 14:39:17,563 - Traversing - ERROR - No application found with attempts less than max_retries and status not True.
2025-06-15 14:39:17,563 - Traversing - ERROR - No application found with attempts less than max_retries and status not True.
2025-06-15 14:42:34,230 - Traversing - ERROR - No application found with attempts less than max_retries and status not True.
2025-06-15 14:42:34,230 - Traversing - ERROR - No application found with attempts less than max_retries and status not True.
2025-06-15 14:44:03,582 - Traversing - ERROR - No application found with attempts less than max_retries and status not True.
2025-06-15 14:44:03,582 - Traversing - ERROR - No application found with attempts less than max_retries and status not True.
2025-06-15 14:44:03,582 - Traversing - ERROR - No application found with attempts less than max_retries and status not True.
2025-06-15 14:44:03,582 - Traversing - ERROR - No application found with attempts less than max_retries and status not True.
2025-06-15 14:44:03,777 - Traversing - ERROR - No application found with attempts less than max_retries and status not True.
2025-06-15 14:44:03,777 - Traversing - ERROR - No application found with attempts less than max_retries and status not True.
2025-06-15 14:46:13,656 - Traversing - ERROR - No application found with attempts less than max_retries and status not True.
2025-06-15 14:46:13,656 - Traversing - ERROR - No application found with attempts less than max_retries and status not True.
2025-06-15 14:46:13,657 - Traversing - ERROR - No application found with attempts less than max_retries and status not True.
2025-06-15 14:46:13,657 - Traversing - ERROR - No application found with attempts less than max_retries and status not True.
2025-06-15 14:48:21,174 - Traversing - ERROR - No application found with attempts less than max_retries and status not True.
2025-06-15 14:48:21,174 - Traversing - ERROR - No application found with attempts less than max_retries and status not True.
2025-06-15 14:50:51,657 - Traversing - ERROR - No application found with attempts less than max_retries and status not True.
2025-06-15 14:50:51,657 - Traversing - ERROR - No application found with attempts less than max_retries and status not True.
2025-06-15 14:52:31,223 - Traversing - ERROR - No application found with attempts less than max_retries and status not True.
2025-06-15 14:52:31,223 - Traversing - ERROR - No application found with attempts less than max_retries and status not True.
2025-06-15 15:07:51,033 - Traversing - ERROR - No application found with attempts less than max_retries and status not True.
2025-06-15 15:07:51,033 - Traversing - ERROR - No application found with attempts less than max_retries and status not True.
2025-06-15 15:28:52,091 - Traversing - ERROR - No application found with attempts less than max_retries and status not True.
2025-06-15 15:28:52,091 - Traversing - ERROR - No application found with attempts less than max_retries and status not True.
2025-06-15 15:35:19,753 - Traversing - ERROR - No application found with attempts less than max_retries and status not True.
2025-06-15 15:35:19,753 - Traversing - ERROR - No application found with attempts less than max_retries and status not True.
2025-06-15 15:52:06,250 - Traversing - ERROR - No application found with attempts less than max_retries and status not True.
2025-06-15 15:52:06,250 - Traversing - ERROR - No application found with attempts less than max_retries and status not True.
2025-06-15 15:52:06,250 - Traversing - ERROR - No application found with attempts less than max_retries and status not True.
2025-06-15 15:54:31,908 - Traversing - ERROR - No application found with attempts less than max_retries and status not True.
2025-06-15 15:54:31,908 - Traversing - ERROR - No application found with attempts less than max_retries and status not True.
2025-06-15 16:00:00,488 - Traversing - ERROR - No application found with attempts less than max_retries and status not True.
2025-06-15 16:00:00,488 - Traversing - ERROR - No application found with attempts less than max_retries and status not True.
2025-06-15 16:02:23,377 - Traversing - ERROR - No application found with attempts less than max_retries and status not True.
2025-06-15 16:02:23,377 - Traversing - ERROR - No application found with attempts less than max_retries and status not True.
2025-06-15 16:11:15,587 - Traversing - ERROR - No application found with attempts less than max_retries and status not True.
2025-06-15 16:11:15,587 - Traversing - ERROR - No application found with attempts less than max_retries and status not True.
2025-06-15 16:14:50,411 - Traversing - ERROR - No application found with attempts less than max_retries and status not True.
2025-06-15 16:14:50,411 - Traversing - ERROR - No application found with attempts less than max_retries and status not True.
2025-06-15 16:17:54,869 - Traversing - ERROR - No application found with attempts less than max_retries and status not True.
2025-06-15 16:17:54,869 - Traversing - ERROR - No application found with attempts less than max_retries and status not True.
2025-06-15 16:17:54,870 - Traversing - ERROR - No application found with attempts less than max_retries and status not True.
2025-06-15 16:17:54,870 - Traversing - ERROR - No application found with attempts less than max_retries and status not True.
2025-06-15 16:17:55,024 - Traversing - ERROR - No application found with attempts less than max_retries and status not True.
2025-06-15 16:17:55,024 - Traversing - ERROR - No application found with attempts less than max_retries and status not True.
2025-06-15 16:22:49,622 - Traversing - ERROR - No application found with attempts less than max_retries and status not True.
2025-06-15 16:22:49,622 - Traversing - ERROR - No application found with attempts less than max_retries and status not True.
2025-06-15 16:24:25,727 - Traversing - ERROR - No application found with attempts less than max_retries and status not True.
2025-06-15 16:24:25,727 - Traversing - ERROR - No application found with attempts less than max_retries and status not True.
2025-06-15 16:27:44,413 - Traversing - ERROR - No application found with attempts less than max_retries and status not True.
2025-06-15 16:27:44,413 - Traversing - ERROR - No application found with attempts less than max_retries and status not True.
2025-06-15 16:27:44,602 - Traversing - ERROR - No application found with attempts less than max_retries and status not True.
2025-06-15 16:27:44,602 - Traversing - ERROR - No application found with attempts less than max_retries and status not True.
2025-06-15 16:49:54,378 - Traversing - ERROR - No application found with attempts less than max_retries and status not True.
2025-06-15 16:49:54,564 - Traversing - ERROR - No application found with attempts less than max_retries and status not True.
2025-06-16 11:25:15,974 - Traversing - ERROR - No application found with attempts less than max_retries and status not True.
2025-06-16 11:25:15,974 - Traversing - ERROR - No application found with attempts less than max_retries and status not True.
2025-06-16 11:25:16,349 - Traversing - ERROR - No application found with attempts less than max_retries and status not True.
2025-06-16 11:25:16,349 - Traversing - ERROR - No application found with attempts less than max_retries and status not True.
