2024-09-20 16:31:48,2024-09-20 16:32:41,com.bigwinepot.nwdn.international,Installation failed.
2024-09-20 16:34:57,2024-09-20 16:35:50,com.bigwinepot.nwdn.international,Installation failed.
2024-09-20 16:37:52,2024-09-20 16:38:12,com.billiards.shooting.ball.pool,Zygote is not ready--.
2024-09-20 16:46:38,2024-09-20 16:47:29,com.bigwinepot.nwdn.international,Installation failed.
2024-09-20 18:31:31,2024-09-20 18:32:22,com.bigwinepot.nwdn.international,Installation failed.
2024-09-20 18:31:31,2024-09-20 18:32:24,com.bigwinepot.nwdn.international,Boot sequence is not yet completed.
2024-09-20 18:35:29,2024-09-20 18:36:29,com.bigwinepot.nwdn.international,Installation failed.
2024-09-20 18:35:29,2024-09-20 18:36:31,com.bigwinepot.nwdn.international,Zygote is not ready--.
2024-09-20 18:40:34,2024-09-20 18:41:27,com.bigwinepot.nwdn.international,Installation failed.
2024-09-20 18:43:57,2024-09-20 18:44:43,com.alibaba.aliexpresshd,Installation failed.
2024-09-20 18:43:57,2024-09-20 18:44:51,com.alibaba.aliexpresshd,Zygote is not ready--.
2024-09-20 18:47:19,2024-09-20 18:48:07,com.bigwinepot.nwdn.international,Installation failed.
2024-09-20 18:55:58,2024-09-20 18:56:43,com.bigwinepot.nwdn.international,Installation failed.
2024-09-20 19:07:13,2024-09-20 19:07:57,com.bigwinepot.nwdn.international,Installation failed.
2024-09-20 19:10:00,2024-09-20 19:10:47,com.bigwinepot.nwdn.international,Installation failed.
2024-09-20 19:10:00,2024-09-20 19:10:50,com.bigwinepot.nwdn.international,Boot sequence is not yet completed.
2024-09-20 19:16:31,2024-09-20 19:17:18,com.bigwinepot.nwdn.international,Installation failed.
2024-09-20 19:18:42,2024-09-20 19:19:29,com.bigwinepot.nwdn.international,Installation failed.
2024-09-20 19:18:42,2024-09-20 19:19:30,com.alibaba.aliexpresshd,Installation failed.
2024-09-20 19:18:42,2024-09-20 19:19:31,com.app.rescuecut,Installation failed.
2024-09-20 19:18:42,2024-09-20 19:19:31,com.bigwinepot.nwdn.international,Boot sequence is not yet completed.
2024-09-20 19:30:23,2024-09-20 19:31:11,com.bigwinepot.nwdn.international,Installation failed.
2024-09-20 19:30:23,2024-09-20 19:31:13,com.bigwinepot.nwdn.international,Boot sequence is not yet completed.
2024-09-20 19:33:33,2024-09-20 19:34:19,com.bigwinepot.nwdn.international,Installation failed.
2024-09-20 19:33:33,2024-09-20 19:34:21,com.bigwinepot.nwdn.international,Boot sequence is not yet completed.
 - ,2024-10-17 19:37:44,cn.wps.moffice_eng,Installation failed.
 - ,2024-10-17 19:37:45,com.audible.application,Installation failed.
 - ,2024-10-17 19:37:46,com.snapchat.android,Installation failed.
 - ,2024-10-17 19:37:47,com.aim.racing,Installation failed.
 - ,2025-06-13 17:20:57,com.booking,Installation failed.
 - ,2025-06-13 17:26:24,com.fatsecret.android,Installation failed.
 - ,2025-06-15 16:34:18,apps,Installation failed.
